2025-07-13T06:55:08.784-05:00  INFO 36414 --- [spring-boot-3-industry-sector-wise-password-encoder-bcrypt-pbkdf2-poc] [Test worker] rdEncoderBcryptPbkdf2PocApplicationTests : Starting SpringBoot3IndustrySectorWisePasswordEncoderBcryptPbkdf2PocApplicationTests using Java 21.0.6 with PID 36414 (started by bdatta in /Users/bdatta/Documents/KEYCLOAK_UPGRADE/TokenExchange/spring-boot-3-industry-sector-wise-password-encoder-bcrypt-pbkdf2-poc)
2025-07-13T06:55:08.789-05:00  INFO 36414 --- [spring-boot-3-industry-sector-wise-password-encoder-bcrypt-pbkdf2-poc] [Test worker] rdEncoderBcryptPbkdf2PocApplicationTests : No active profile set, falling back to 1 default profile: "default"
2025-07-13T06:55:09.683-05:00  INFO 36414 --- [spring-boot-3-industry-sector-wise-password-encoder-bcrypt-pbkdf2-poc] [Test worker] .s.d.r.c.RepositoryConfigurationDelegate : Bootstrapping Spring Data JPA repositories in DEFAULT mode.
2025-07-13T06:55:09.731-05:00  INFO 36414 --- [spring-boot-3-industry-sector-wise-password-encoder-bcrypt-pbkdf2-poc] [Test worker] .s.d.r.c.RepositoryConfigurationDelegate : Finished Spring Data repository scanning in 39 ms. Found 2 JPA repository interfaces.
2025-07-13T06:55:10.169-05:00  INFO 36414 --- [spring-boot-3-industry-sector-wise-password-encoder-bcrypt-pbkdf2-poc] [Test worker] o.hibernate.jpa.internal.util.LogHelper  : HHH000204: Processing PersistenceUnitInfo [name: default]
2025-07-13T06:55:10.208-05:00  INFO 36414 --- [spring-boot-3-industry-sector-wise-password-encoder-bcrypt-pbkdf2-poc] [Test worker] org.hibernate.Version                    : HHH000412: Hibernate ORM core version 6.6.18.Final
2025-07-13T06:55:10.246-05:00  INFO 36414 --- [spring-boot-3-industry-sector-wise-password-encoder-bcrypt-pbkdf2-poc] [Test worker] o.h.c.internal.RegionFactoryInitiator    : HHH000026: Second-level cache disabled
2025-07-13T06:55:10.476-05:00  INFO 36414 --- [spring-boot-3-industry-sector-wise-password-encoder-bcrypt-pbkdf2-poc] [Test worker] o.s.o.j.p.SpringPersistenceUnitInfo      : No LoadTimeWeaver setup: ignoring JPA class transformer
2025-07-13T06:55:10.501-05:00  INFO 36414 --- [spring-boot-3-industry-sector-wise-password-encoder-bcrypt-pbkdf2-poc] [Test worker] com.zaxxer.hikari.HikariDataSource       : HikariPool-1 - Starting...
2025-07-13T06:55:11.071-05:00  INFO 36414 --- [spring-boot-3-industry-sector-wise-password-encoder-bcrypt-pbkdf2-poc] [Test worker] com.zaxxer.hikari.pool.HikariPool        : HikariPool-1 - Added connection com.mysql.cj.jdbc.ConnectionImpl@44618fe6
2025-07-13T06:55:11.073-05:00  INFO 36414 --- [spring-boot-3-industry-sector-wise-password-encoder-bcrypt-pbkdf2-poc] [Test worker] com.zaxxer.hikari.HikariDataSource       : HikariPool-1 - Start completed.
2025-07-13T06:55:11.226-05:00  WARN 36414 --- [spring-boot-3-industry-sector-wise-password-encoder-bcrypt-pbkdf2-poc] [Test worker] org.hibernate.orm.deprecation            : HHH90000025: MySQL8Dialect does not need to be specified explicitly using 'hibernate.dialect' (remove the property setting and it will be selected by default)
2025-07-13T06:55:11.226-05:00  WARN 36414 --- [spring-boot-3-industry-sector-wise-password-encoder-bcrypt-pbkdf2-poc] [Test worker] org.hibernate.orm.deprecation            : HHH90000026: MySQL8Dialect has been deprecated; use org.hibernate.dialect.MySQLDialect instead
2025-07-13T06:55:11.239-05:00  INFO 36414 --- [spring-boot-3-industry-sector-wise-password-encoder-bcrypt-pbkdf2-poc] [Test worker] org.hibernate.orm.connections.pooling    : HHH10001005: Database info:
	Database JDBC URL [Connecting through datasource 'HikariDataSource (HikariPool-1)']
	Database driver: undefined/unknown
	Database version: 8.0
	Autocommit mode: undefined/unknown
	Isolation level: undefined/unknown
	Minimum pool size: undefined/unknown
	Maximum pool size: undefined/unknown
2025-07-13T06:55:11.857-05:00  INFO 36414 --- [spring-boot-3-industry-sector-wise-password-encoder-bcrypt-pbkdf2-poc] [Test worker] o.h.e.t.j.p.i.JtaPlatformInitiator       : HHH000489: No JTA platform available (set 'hibernate.transaction.jta.platform' to enable JTA platform integration)
2025-07-13T06:55:12.015-05:00  INFO 36414 --- [spring-boot-3-industry-sector-wise-password-encoder-bcrypt-pbkdf2-poc] [Test worker] j.LocalContainerEntityManagerFactoryBean : Initialized JPA EntityManagerFactory for persistence unit 'default'
2025-07-13T06:55:12.330-05:00  WARN 36414 --- [spring-boot-3-industry-sector-wise-password-encoder-bcrypt-pbkdf2-poc] [Test worker] JpaBaseConfiguration$JpaWebConfiguration : spring.jpa.open-in-view is enabled by default. Therefore, database queries may be performed during view rendering. Explicitly configure spring.jpa.open-in-view to disable this warning
2025-07-13T06:55:12.586-05:00  INFO 36414 --- [spring-boot-3-industry-sector-wise-password-encoder-bcrypt-pbkdf2-poc] [Test worker] o.s.b.a.e.web.EndpointLinksResolver      : Exposing 1 endpoint beneath base path '/actuator'
2025-07-13T06:55:12.612-05:00  INFO 36414 --- [spring-boot-3-industry-sector-wise-password-encoder-bcrypt-pbkdf2-poc] [Test worker] r$InitializeUserDetailsManagerConfigurer : Global AuthenticationManager configured with UserDetailsService bean with name appUserDetailsService
2025-07-13T06:55:13.056-05:00  INFO 36414 --- [spring-boot-3-industry-sector-wise-password-encoder-bcrypt-pbkdf2-poc] [Test worker] rdEncoderBcryptPbkdf2PocApplicationTests : Started SpringBoot3IndustrySectorWisePasswordEncoderBcryptPbkdf2PocApplicationTests in 4.508 seconds (process running for 5.373)
2025-07-13T06:55:13.745-05:00  INFO 36414 --- [spring-boot-3-industry-sector-wise-password-encoder-bcrypt-pbkdf2-poc] [SpringApplicationShutdownHook] j.LocalContainerEntityManagerFactoryBean : Closing JPA EntityManagerFactory for persistence unit 'default'
2025-07-13T06:55:13.746-05:00  INFO 36414 --- [spring-boot-3-industry-sector-wise-password-encoder-bcrypt-pbkdf2-poc] [SpringApplicationShutdownHook] com.zaxxer.hikari.HikariDataSource       : HikariPool-1 - Shutdown initiated...
2025-07-13T06:55:13.755-05:00  INFO 36414 --- [spring-boot-3-industry-sector-wise-password-encoder-bcrypt-pbkdf2-poc] [SpringApplicationShutdownHook] com.zaxxer.hikari.HikariDataSource       : HikariPool-1 - Shutdown completed.
2025-07-13T06:55:58.443-05:00  INFO 36487 --- [spring-boot-3-industry-sector-wise-password-encoder-bcrypt-pbkdf2-poc] [main] asswordEncoderBcryptPbkdf2PocApplication : Starting SpringBoot3IndustrySectorWisePasswordEncoderBcryptPbkdf2PocApplication v0.0.1-SNAPSHOT using Java 21.0.6 with PID 36487 (/Users/bdatta/Documents/KEYCLOAK_UPGRADE/TokenExchange/spring-boot-3-industry-sector-wise-password-encoder-bcrypt-pbkdf2-poc/build/libs/spring-boot-3-industry-sector-wise-password-encoder-bcrypt-pbkdf2-poc-0.0.1-SNAPSHOT.jar started by bdatta in /Users/bdatta/Documents/KEYCLOAK_UPGRADE/TokenExchange/spring-boot-3-industry-sector-wise-password-encoder-bcrypt-pbkdf2-poc)
2025-07-13T06:55:58.445-05:00  INFO 36487 --- [spring-boot-3-industry-sector-wise-password-encoder-bcrypt-pbkdf2-poc] [main] asswordEncoderBcryptPbkdf2PocApplication : No active profile set, falling back to 1 default profile: "default"
2025-07-13T06:55:59.243-05:00  INFO 36487 --- [spring-boot-3-industry-sector-wise-password-encoder-bcrypt-pbkdf2-poc] [main] .s.d.r.c.RepositoryConfigurationDelegate : Bootstrapping Spring Data JPA repositories in DEFAULT mode.
2025-07-13T06:55:59.300-05:00  INFO 36487 --- [spring-boot-3-industry-sector-wise-password-encoder-bcrypt-pbkdf2-poc] [main] .s.d.r.c.RepositoryConfigurationDelegate : Finished Spring Data repository scanning in 48 ms. Found 2 JPA repository interfaces.
2025-07-13T06:55:59.789-05:00  INFO 36487 --- [spring-boot-3-industry-sector-wise-password-encoder-bcrypt-pbkdf2-poc] [main] o.s.b.w.embedded.tomcat.TomcatWebServer  : Tomcat initialized with port 9091 (http)
2025-07-13T06:55:59.808-05:00  INFO 36487 --- [spring-boot-3-industry-sector-wise-password-encoder-bcrypt-pbkdf2-poc] [main] o.apache.catalina.core.StandardService   : Starting service [Tomcat]
2025-07-13T06:55:59.808-05:00  INFO 36487 --- [spring-boot-3-industry-sector-wise-password-encoder-bcrypt-pbkdf2-poc] [main] o.apache.catalina.core.StandardEngine    : Starting Servlet engine: [Apache Tomcat/10.1.42]
2025-07-13T06:55:59.851-05:00  INFO 36487 --- [spring-boot-3-industry-sector-wise-password-encoder-bcrypt-pbkdf2-poc] [main] o.a.c.c.C.[Tomcat].[localhost].[/]       : Initializing Spring embedded WebApplicationContext
2025-07-13T06:55:59.851-05:00  INFO 36487 --- [spring-boot-3-industry-sector-wise-password-encoder-bcrypt-pbkdf2-poc] [main] w.s.c.ServletWebServerApplicationContext : Root WebApplicationContext: initialization completed in 1370 ms
2025-07-13T06:56:00.141-05:00  INFO 36487 --- [spring-boot-3-industry-sector-wise-password-encoder-bcrypt-pbkdf2-poc] [main] o.hibernate.jpa.internal.util.LogHelper  : HHH000204: Processing PersistenceUnitInfo [name: default]
2025-07-13T06:56:00.195-05:00  INFO 36487 --- [spring-boot-3-industry-sector-wise-password-encoder-bcrypt-pbkdf2-poc] [main] org.hibernate.Version                    : HHH000412: Hibernate ORM core version 6.6.18.Final
2025-07-13T06:56:00.228-05:00  INFO 36487 --- [spring-boot-3-industry-sector-wise-password-encoder-bcrypt-pbkdf2-poc] [main] o.h.c.internal.RegionFactoryInitiator    : HHH000026: Second-level cache disabled
2025-07-13T06:56:00.507-05:00  INFO 36487 --- [spring-boot-3-industry-sector-wise-password-encoder-bcrypt-pbkdf2-poc] [main] o.s.o.j.p.SpringPersistenceUnitInfo      : No LoadTimeWeaver setup: ignoring JPA class transformer
2025-07-13T06:56:00.534-05:00  INFO 36487 --- [spring-boot-3-industry-sector-wise-password-encoder-bcrypt-pbkdf2-poc] [main] com.zaxxer.hikari.HikariDataSource       : HikariPool-1 - Starting...
2025-07-13T06:56:00.865-05:00  INFO 36487 --- [spring-boot-3-industry-sector-wise-password-encoder-bcrypt-pbkdf2-poc] [main] com.zaxxer.hikari.pool.HikariPool        : HikariPool-1 - Added connection com.mysql.cj.jdbc.ConnectionImpl@3c826498
2025-07-13T06:56:00.867-05:00  INFO 36487 --- [spring-boot-3-industry-sector-wise-password-encoder-bcrypt-pbkdf2-poc] [main] com.zaxxer.hikari.HikariDataSource       : HikariPool-1 - Start completed.
2025-07-13T06:56:00.915-05:00  WARN 36487 --- [spring-boot-3-industry-sector-wise-password-encoder-bcrypt-pbkdf2-poc] [main] org.hibernate.orm.deprecation            : HHH90000025: MySQL8Dialect does not need to be specified explicitly using 'hibernate.dialect' (remove the property setting and it will be selected by default)
2025-07-13T06:56:00.917-05:00  WARN 36487 --- [spring-boot-3-industry-sector-wise-password-encoder-bcrypt-pbkdf2-poc] [main] org.hibernate.orm.deprecation            : HHH90000026: MySQL8Dialect has been deprecated; use org.hibernate.dialect.MySQLDialect instead
2025-07-13T06:56:00.937-05:00  INFO 36487 --- [spring-boot-3-industry-sector-wise-password-encoder-bcrypt-pbkdf2-poc] [main] org.hibernate.orm.connections.pooling    : HHH10001005: Database info:
	Database JDBC URL [Connecting through datasource 'HikariDataSource (HikariPool-1)']
	Database driver: undefined/unknown
	Database version: 8.0
	Autocommit mode: undefined/unknown
	Isolation level: undefined/unknown
	Minimum pool size: undefined/unknown
	Maximum pool size: undefined/unknown
2025-07-13T06:56:01.740-05:00  INFO 36487 --- [spring-boot-3-industry-sector-wise-password-encoder-bcrypt-pbkdf2-poc] [main] o.h.e.t.j.p.i.JtaPlatformInitiator       : HHH000489: No JTA platform available (set 'hibernate.transaction.jta.platform' to enable JTA platform integration)
2025-07-13T06:56:01.784-05:00  INFO 36487 --- [spring-boot-3-industry-sector-wise-password-encoder-bcrypt-pbkdf2-poc] [main] j.LocalContainerEntityManagerFactoryBean : Initialized JPA EntityManagerFactory for persistence unit 'default'
2025-07-13T06:56:02.132-05:00  WARN 36487 --- [spring-boot-3-industry-sector-wise-password-encoder-bcrypt-pbkdf2-poc] [main] JpaBaseConfiguration$JpaWebConfiguration : spring.jpa.open-in-view is enabled by default. Therefore, database queries may be performed during view rendering. Explicitly configure spring.jpa.open-in-view to disable this warning
2025-07-13T06:56:02.390-05:00  INFO 36487 --- [spring-boot-3-industry-sector-wise-password-encoder-bcrypt-pbkdf2-poc] [main] o.s.b.a.e.web.EndpointLinksResolver      : Exposing 1 endpoint beneath base path '/actuator'
2025-07-13T06:56:02.422-05:00  INFO 36487 --- [spring-boot-3-industry-sector-wise-password-encoder-bcrypt-pbkdf2-poc] [main] r$InitializeUserDetailsManagerConfigurer : Global AuthenticationManager configured with UserDetailsService bean with name appUserDetailsService
2025-07-13T06:56:02.790-05:00  INFO 36487 --- [spring-boot-3-industry-sector-wise-password-encoder-bcrypt-pbkdf2-poc] [main] o.s.b.w.embedded.tomcat.TomcatWebServer  : Tomcat started on port 9091 (http) with context path '/'
2025-07-13T06:56:02.805-05:00  INFO 36487 --- [spring-boot-3-industry-sector-wise-password-encoder-bcrypt-pbkdf2-poc] [main] asswordEncoderBcryptPbkdf2PocApplication : Started SpringBoot3IndustrySectorWisePasswordEncoderBcryptPbkdf2PocApplication in 4.782 seconds (process running for 5.273)
2025-07-13T06:56:24.823-05:00  INFO 36487 --- [spring-boot-3-industry-sector-wise-password-encoder-bcrypt-pbkdf2-poc] [http-nio-9091-exec-1] o.a.c.c.C.[Tomcat].[localhost].[/]       : Initializing Spring DispatcherServlet 'dispatcherServlet'
2025-07-13T06:56:24.825-05:00  INFO 36487 --- [spring-boot-3-industry-sector-wise-password-encoder-bcrypt-pbkdf2-poc] [http-nio-9091-exec-1] o.s.web.servlet.DispatcherServlet        : Initializing Servlet 'dispatcherServlet'
2025-07-13T06:56:24.829-05:00  INFO 36487 --- [spring-boot-3-industry-sector-wise-password-encoder-bcrypt-pbkdf2-poc] [http-nio-9091-exec-1] o.s.web.servlet.DispatcherServlet        : Completed initialization in 3 ms
2025-07-13T06:58:10.279-05:00  INFO 36487 --- [spring-boot-3-industry-sector-wise-password-encoder-bcrypt-pbkdf2-poc] [SpringApplicationShutdownHook] o.s.b.w.e.tomcat.GracefulShutdown        : Commencing graceful shutdown. Waiting for active requests to complete
2025-07-13T06:58:10.284-05:00  INFO 36487 --- [spring-boot-3-industry-sector-wise-password-encoder-bcrypt-pbkdf2-poc] [tomcat-shutdown] o.s.b.w.e.tomcat.GracefulShutdown        : Graceful shutdown complete
2025-07-13T06:58:10.294-05:00  INFO 36487 --- [spring-boot-3-industry-sector-wise-password-encoder-bcrypt-pbkdf2-poc] [SpringApplicationShutdownHook] j.LocalContainerEntityManagerFactoryBean : Closing JPA EntityManagerFactory for persistence unit 'default'
2025-07-13T06:58:10.299-05:00  INFO 36487 --- [spring-boot-3-industry-sector-wise-password-encoder-bcrypt-pbkdf2-poc] [SpringApplicationShutdownHook] com.zaxxer.hikari.HikariDataSource       : HikariPool-1 - Shutdown initiated...
2025-07-13T06:58:10.308-05:00  INFO 36487 --- [spring-boot-3-industry-sector-wise-password-encoder-bcrypt-pbkdf2-poc] [SpringApplicationShutdownHook] com.zaxxer.hikari.HikariDataSource       : HikariPool-1 - Shutdown completed.
2025-07-13T06:58:20.583-05:00  INFO 36730 --- [spring-boot-3-industry-sector-wise-password-encoder-bcrypt-pbkdf2-poc] [Test worker] rdEncoderBcryptPbkdf2PocApplicationTests : Starting SpringBoot3IndustrySectorWisePasswordEncoderBcryptPbkdf2PocApplicationTests using Java 21.0.6 with PID 36730 (started by bdatta in /Users/bdatta/Documents/KEYCLOAK_UPGRADE/TokenExchange/spring-boot-3-industry-sector-wise-password-encoder-bcrypt-pbkdf2-poc)
2025-07-13T06:58:20.584-05:00  INFO 36730 --- [spring-boot-3-industry-sector-wise-password-encoder-bcrypt-pbkdf2-poc] [Test worker] rdEncoderBcryptPbkdf2PocApplicationTests : No active profile set, falling back to 1 default profile: "default"
2025-07-13T06:58:21.352-05:00  INFO 36730 --- [spring-boot-3-industry-sector-wise-password-encoder-bcrypt-pbkdf2-poc] [Test worker] .s.d.r.c.RepositoryConfigurationDelegate : Bootstrapping Spring Data JPA repositories in DEFAULT mode.
2025-07-13T06:58:21.411-05:00  INFO 36730 --- [spring-boot-3-industry-sector-wise-password-encoder-bcrypt-pbkdf2-poc] [Test worker] .s.d.r.c.RepositoryConfigurationDelegate : Finished Spring Data repository scanning in 50 ms. Found 2 JPA repository interfaces.
2025-07-13T06:58:21.870-05:00  INFO 36730 --- [spring-boot-3-industry-sector-wise-password-encoder-bcrypt-pbkdf2-poc] [Test worker] o.hibernate.jpa.internal.util.LogHelper  : HHH000204: Processing PersistenceUnitInfo [name: default]
2025-07-13T06:58:21.934-05:00  INFO 36730 --- [spring-boot-3-industry-sector-wise-password-encoder-bcrypt-pbkdf2-poc] [Test worker] org.hibernate.Version                    : HHH000412: Hibernate ORM core version 6.6.18.Final
2025-07-13T06:58:21.977-05:00  INFO 36730 --- [spring-boot-3-industry-sector-wise-password-encoder-bcrypt-pbkdf2-poc] [Test worker] o.h.c.internal.RegionFactoryInitiator    : HHH000026: Second-level cache disabled
2025-07-13T06:58:22.265-05:00  INFO 36730 --- [spring-boot-3-industry-sector-wise-password-encoder-bcrypt-pbkdf2-poc] [Test worker] o.s.o.j.p.SpringPersistenceUnitInfo      : No LoadTimeWeaver setup: ignoring JPA class transformer
2025-07-13T06:58:22.289-05:00  INFO 36730 --- [spring-boot-3-industry-sector-wise-password-encoder-bcrypt-pbkdf2-poc] [Test worker] com.zaxxer.hikari.HikariDataSource       : HikariPool-1 - Starting...
2025-07-13T06:58:22.622-05:00  INFO 36730 --- [spring-boot-3-industry-sector-wise-password-encoder-bcrypt-pbkdf2-poc] [Test worker] com.zaxxer.hikari.pool.HikariPool        : HikariPool-1 - Added connection com.mysql.cj.jdbc.ConnectionImpl@2ee095c9
2025-07-13T06:58:22.623-05:00  INFO 36730 --- [spring-boot-3-industry-sector-wise-password-encoder-bcrypt-pbkdf2-poc] [Test worker] com.zaxxer.hikari.HikariDataSource       : HikariPool-1 - Start completed.
2025-07-13T06:58:22.659-05:00  WARN 36730 --- [spring-boot-3-industry-sector-wise-password-encoder-bcrypt-pbkdf2-poc] [Test worker] org.hibernate.orm.deprecation            : HHH90000025: MySQL8Dialect does not need to be specified explicitly using 'hibernate.dialect' (remove the property setting and it will be selected by default)
2025-07-13T06:58:22.660-05:00  WARN 36730 --- [spring-boot-3-industry-sector-wise-password-encoder-bcrypt-pbkdf2-poc] [Test worker] org.hibernate.orm.deprecation            : HHH90000026: MySQL8Dialect has been deprecated; use org.hibernate.dialect.MySQLDialect instead
2025-07-13T06:58:22.675-05:00  INFO 36730 --- [spring-boot-3-industry-sector-wise-password-encoder-bcrypt-pbkdf2-poc] [Test worker] org.hibernate.orm.connections.pooling    : HHH10001005: Database info:
	Database JDBC URL [Connecting through datasource 'HikariDataSource (HikariPool-1)']
	Database driver: undefined/unknown
	Database version: 8.0
	Autocommit mode: undefined/unknown
	Isolation level: undefined/unknown
	Minimum pool size: undefined/unknown
	Maximum pool size: undefined/unknown
2025-07-13T06:58:23.326-05:00  INFO 36730 --- [spring-boot-3-industry-sector-wise-password-encoder-bcrypt-pbkdf2-poc] [Test worker] o.h.e.t.j.p.i.JtaPlatformInitiator       : HHH000489: No JTA platform available (set 'hibernate.transaction.jta.platform' to enable JTA platform integration)
2025-07-13T06:58:23.367-05:00  INFO 36730 --- [spring-boot-3-industry-sector-wise-password-encoder-bcrypt-pbkdf2-poc] [Test worker] j.LocalContainerEntityManagerFactoryBean : Initialized JPA EntityManagerFactory for persistence unit 'default'
2025-07-13T06:58:23.701-05:00  WARN 36730 --- [spring-boot-3-industry-sector-wise-password-encoder-bcrypt-pbkdf2-poc] [Test worker] JpaBaseConfiguration$JpaWebConfiguration : spring.jpa.open-in-view is enabled by default. Therefore, database queries may be performed during view rendering. Explicitly configure spring.jpa.open-in-view to disable this warning
2025-07-13T06:58:23.981-05:00  INFO 36730 --- [spring-boot-3-industry-sector-wise-password-encoder-bcrypt-pbkdf2-poc] [Test worker] o.s.b.a.e.web.EndpointLinksResolver      : Exposing 1 endpoint beneath base path '/actuator'
2025-07-13T06:58:24.011-05:00  INFO 36730 --- [spring-boot-3-industry-sector-wise-password-encoder-bcrypt-pbkdf2-poc] [Test worker] r$InitializeUserDetailsManagerConfigurer : Global AuthenticationManager configured with UserDetailsService bean with name appUserDetailsService
2025-07-13T06:58:24.463-05:00  INFO 36730 --- [spring-boot-3-industry-sector-wise-password-encoder-bcrypt-pbkdf2-poc] [Test worker] rdEncoderBcryptPbkdf2PocApplicationTests : Started SpringBoot3IndustrySectorWisePasswordEncoderBcryptPbkdf2PocApplicationTests in 4.147 seconds (process running for 5.092)
2025-07-13T06:58:25.113-05:00  INFO 36730 --- [spring-boot-3-industry-sector-wise-password-encoder-bcrypt-pbkdf2-poc] [SpringApplicationShutdownHook] j.LocalContainerEntityManagerFactoryBean : Closing JPA EntityManagerFactory for persistence unit 'default'
2025-07-13T06:58:25.116-05:00  INFO 36730 --- [spring-boot-3-industry-sector-wise-password-encoder-bcrypt-pbkdf2-poc] [SpringApplicationShutdownHook] com.zaxxer.hikari.HikariDataSource       : HikariPool-1 - Shutdown initiated...
2025-07-13T06:58:25.124-05:00  INFO 36730 --- [spring-boot-3-industry-sector-wise-password-encoder-bcrypt-pbkdf2-poc] [SpringApplicationShutdownHook] com.zaxxer.hikari.HikariDataSource       : HikariPool-1 - Shutdown completed.
2025-07-13T06:58:33.778-05:00  INFO 36752 --- [spring-boot-3-industry-sector-wise-password-encoder-bcrypt-pbkdf2-poc] [main] asswordEncoderBcryptPbkdf2PocApplication : Starting SpringBoot3IndustrySectorWisePasswordEncoderBcryptPbkdf2PocApplication v0.0.1-SNAPSHOT using Java 21.0.6 with PID 36752 (/Users/bdatta/Documents/KEYCLOAK_UPGRADE/TokenExchange/spring-boot-3-industry-sector-wise-password-encoder-bcrypt-pbkdf2-poc/build/libs/spring-boot-3-industry-sector-wise-password-encoder-bcrypt-pbkdf2-poc-0.0.1-SNAPSHOT.jar started by bdatta in /Users/bdatta/Documents/KEYCLOAK_UPGRADE/TokenExchange/spring-boot-3-industry-sector-wise-password-encoder-bcrypt-pbkdf2-poc)
2025-07-13T06:58:33.779-05:00  INFO 36752 --- [spring-boot-3-industry-sector-wise-password-encoder-bcrypt-pbkdf2-poc] [main] asswordEncoderBcryptPbkdf2PocApplication : No active profile set, falling back to 1 default profile: "default"
2025-07-13T06:58:34.578-05:00  INFO 36752 --- [spring-boot-3-industry-sector-wise-password-encoder-bcrypt-pbkdf2-poc] [main] .s.d.r.c.RepositoryConfigurationDelegate : Bootstrapping Spring Data JPA repositories in DEFAULT mode.
2025-07-13T06:58:34.636-05:00  INFO 36752 --- [spring-boot-3-industry-sector-wise-password-encoder-bcrypt-pbkdf2-poc] [main] .s.d.r.c.RepositoryConfigurationDelegate : Finished Spring Data repository scanning in 48 ms. Found 2 JPA repository interfaces.
2025-07-13T06:58:35.067-05:00  INFO 36752 --- [spring-boot-3-industry-sector-wise-password-encoder-bcrypt-pbkdf2-poc] [main] o.s.b.w.embedded.tomcat.TomcatWebServer  : Tomcat initialized with port 9091 (http)
2025-07-13T06:58:35.084-05:00  INFO 36752 --- [spring-boot-3-industry-sector-wise-password-encoder-bcrypt-pbkdf2-poc] [main] o.apache.catalina.core.StandardService   : Starting service [Tomcat]
2025-07-13T06:58:35.085-05:00  INFO 36752 --- [spring-boot-3-industry-sector-wise-password-encoder-bcrypt-pbkdf2-poc] [main] o.apache.catalina.core.StandardEngine    : Starting Servlet engine: [Apache Tomcat/10.1.42]
2025-07-13T06:58:35.123-05:00  INFO 36752 --- [spring-boot-3-industry-sector-wise-password-encoder-bcrypt-pbkdf2-poc] [main] o.a.c.c.C.[Tomcat].[localhost].[/]       : Initializing Spring embedded WebApplicationContext
2025-07-13T06:58:35.123-05:00  INFO 36752 --- [spring-boot-3-industry-sector-wise-password-encoder-bcrypt-pbkdf2-poc] [main] w.s.c.ServletWebServerApplicationContext : Root WebApplicationContext: initialization completed in 1310 ms
2025-07-13T06:58:35.365-05:00  INFO 36752 --- [spring-boot-3-industry-sector-wise-password-encoder-bcrypt-pbkdf2-poc] [main] o.hibernate.jpa.internal.util.LogHelper  : HHH000204: Processing PersistenceUnitInfo [name: default]
2025-07-13T06:58:35.415-05:00  INFO 36752 --- [spring-boot-3-industry-sector-wise-password-encoder-bcrypt-pbkdf2-poc] [main] org.hibernate.Version                    : HHH000412: Hibernate ORM core version 6.6.18.Final
2025-07-13T06:58:35.447-05:00  INFO 36752 --- [spring-boot-3-industry-sector-wise-password-encoder-bcrypt-pbkdf2-poc] [main] o.h.c.internal.RegionFactoryInitiator    : HHH000026: Second-level cache disabled
2025-07-13T06:58:35.698-05:00  INFO 36752 --- [spring-boot-3-industry-sector-wise-password-encoder-bcrypt-pbkdf2-poc] [main] o.s.o.j.p.SpringPersistenceUnitInfo      : No LoadTimeWeaver setup: ignoring JPA class transformer
2025-07-13T06:58:35.727-05:00  INFO 36752 --- [spring-boot-3-industry-sector-wise-password-encoder-bcrypt-pbkdf2-poc] [main] com.zaxxer.hikari.HikariDataSource       : HikariPool-1 - Starting...
2025-07-13T06:58:36.021-05:00  INFO 36752 --- [spring-boot-3-industry-sector-wise-password-encoder-bcrypt-pbkdf2-poc] [main] com.zaxxer.hikari.pool.HikariPool        : HikariPool-1 - Added connection com.mysql.cj.jdbc.ConnectionImpl@53e82089
2025-07-13T06:58:36.023-05:00  INFO 36752 --- [spring-boot-3-industry-sector-wise-password-encoder-bcrypt-pbkdf2-poc] [main] com.zaxxer.hikari.HikariDataSource       : HikariPool-1 - Start completed.
2025-07-13T06:58:36.056-05:00  WARN 36752 --- [spring-boot-3-industry-sector-wise-password-encoder-bcrypt-pbkdf2-poc] [main] org.hibernate.orm.deprecation            : HHH90000025: MySQL8Dialect does not need to be specified explicitly using 'hibernate.dialect' (remove the property setting and it will be selected by default)
2025-07-13T06:58:36.057-05:00  WARN 36752 --- [spring-boot-3-industry-sector-wise-password-encoder-bcrypt-pbkdf2-poc] [main] org.hibernate.orm.deprecation            : HHH90000026: MySQL8Dialect has been deprecated; use org.hibernate.dialect.MySQLDialect instead
2025-07-13T06:58:36.071-05:00  INFO 36752 --- [spring-boot-3-industry-sector-wise-password-encoder-bcrypt-pbkdf2-poc] [main] org.hibernate.orm.connections.pooling    : HHH10001005: Database info:
	Database JDBC URL [Connecting through datasource 'HikariDataSource (HikariPool-1)']
	Database driver: undefined/unknown
	Database version: 8.0
	Autocommit mode: undefined/unknown
	Isolation level: undefined/unknown
	Minimum pool size: undefined/unknown
	Maximum pool size: undefined/unknown
2025-07-13T06:58:36.846-05:00  INFO 36752 --- [spring-boot-3-industry-sector-wise-password-encoder-bcrypt-pbkdf2-poc] [main] o.h.e.t.j.p.i.JtaPlatformInitiator       : HHH000489: No JTA platform available (set 'hibernate.transaction.jta.platform' to enable JTA platform integration)
2025-07-13T06:58:36.891-05:00  INFO 36752 --- [spring-boot-3-industry-sector-wise-password-encoder-bcrypt-pbkdf2-poc] [main] j.LocalContainerEntityManagerFactoryBean : Initialized JPA EntityManagerFactory for persistence unit 'default'
2025-07-13T06:58:37.227-05:00  WARN 36752 --- [spring-boot-3-industry-sector-wise-password-encoder-bcrypt-pbkdf2-poc] [main] JpaBaseConfiguration$JpaWebConfiguration : spring.jpa.open-in-view is enabled by default. Therefore, database queries may be performed during view rendering. Explicitly configure spring.jpa.open-in-view to disable this warning
2025-07-13T06:58:37.550-05:00  INFO 36752 --- [spring-boot-3-industry-sector-wise-password-encoder-bcrypt-pbkdf2-poc] [main] o.s.b.a.e.web.EndpointLinksResolver      : Exposing 1 endpoint beneath base path '/actuator'
2025-07-13T06:58:37.578-05:00  INFO 36752 --- [spring-boot-3-industry-sector-wise-password-encoder-bcrypt-pbkdf2-poc] [main] r$InitializeUserDetailsManagerConfigurer : Global AuthenticationManager configured with UserDetailsService bean with name appUserDetailsService
2025-07-13T06:58:37.959-05:00  INFO 36752 --- [spring-boot-3-industry-sector-wise-password-encoder-bcrypt-pbkdf2-poc] [main] o.s.b.w.embedded.tomcat.TomcatWebServer  : Tomcat started on port 9091 (http) with context path '/'
2025-07-13T06:58:38.008-05:00  INFO 36752 --- [spring-boot-3-industry-sector-wise-password-encoder-bcrypt-pbkdf2-poc] [main] asswordEncoderBcryptPbkdf2PocApplication : Started SpringBoot3IndustrySectorWisePasswordEncoderBcryptPbkdf2PocApplication in 4.638 seconds (process running for 5.125)
2025-07-13T06:58:42.090-05:00  INFO 36752 --- [spring-boot-3-industry-sector-wise-password-encoder-bcrypt-pbkdf2-poc] [http-nio-9091-exec-1] o.a.c.c.C.[Tomcat].[localhost].[/]       : Initializing Spring DispatcherServlet 'dispatcherServlet'
2025-07-13T06:58:42.091-05:00  INFO 36752 --- [spring-boot-3-industry-sector-wise-password-encoder-bcrypt-pbkdf2-poc] [http-nio-9091-exec-1] o.s.web.servlet.DispatcherServlet        : Initializing Servlet 'dispatcherServlet'
2025-07-13T06:58:42.093-05:00  INFO 36752 --- [spring-boot-3-industry-sector-wise-password-encoder-bcrypt-pbkdf2-poc] [http-nio-9091-exec-1] o.s.web.servlet.DispatcherServlet        : Completed initialization in 2 ms
2025-07-13T06:59:21.550-05:00  INFO 36752 --- [spring-boot-3-industry-sector-wise-password-encoder-bcrypt-pbkdf2-poc] [SpringApplicationShutdownHook] o.s.b.w.e.tomcat.GracefulShutdown        : Commencing graceful shutdown. Waiting for active requests to complete
2025-07-13T06:59:21.554-05:00  INFO 36752 --- [spring-boot-3-industry-sector-wise-password-encoder-bcrypt-pbkdf2-poc] [tomcat-shutdown] o.s.b.w.e.tomcat.GracefulShutdown        : Graceful shutdown complete
2025-07-13T06:59:21.561-05:00  INFO 36752 --- [spring-boot-3-industry-sector-wise-password-encoder-bcrypt-pbkdf2-poc] [SpringApplicationShutdownHook] j.LocalContainerEntityManagerFactoryBean : Closing JPA EntityManagerFactory for persistence unit 'default'
2025-07-13T06:59:21.564-05:00  INFO 36752 --- [spring-boot-3-industry-sector-wise-password-encoder-bcrypt-pbkdf2-poc] [SpringApplicationShutdownHook] com.zaxxer.hikari.HikariDataSource       : HikariPool-1 - Shutdown initiated...
2025-07-13T06:59:21.573-05:00  INFO 36752 --- [spring-boot-3-industry-sector-wise-password-encoder-bcrypt-pbkdf2-poc] [SpringApplicationShutdownHook] com.zaxxer.hikari.HikariDataSource       : HikariPool-1 - Shutdown completed.
